2023-05-16 20:05:635 INFO  DesktopsPage :31 - Select sort A to ZProxy element for: DefaultElementLocator 'By.name: products-orderby'
2023-05-16 20:05:994 INFO  HomePage :45 - Hover on electronic[[ChromeDriver: chrome on WINDOWS (08d34c5e9cc08c7d5fab7808800ad2ec)] -> xpath: //a[text()='Electronics ']]
2023-05-16 20:05:199 INFO  HomePage :50 - Click on cell phones[[ChromeDriver: chrome on WINDOWS (08d34c5e9cc08c7d5fab7808800ad2ec)] -> xpath: //ul[1]/li[2]/ul[1]/li[2]/a[1]]
2023-05-16 20:05:516 INFO  CellPhonesPage :50 - Get cell phone text[[ChromeDriver: chrome on WINDOWS (08d34c5e9cc08c7d5fab7808800ad2ec)] -> xpath: //h1[text()='Cell phones']]
2023-05-16 20:05:870 INFO  HomePage :45 - Hover on electronic[[ChromeDriver: chrome on WINDOWS (576d03909fd33720365f53337f456605)] -> xpath: //a[text()='Electronics ']]
2023-05-16 20:05:81 INFO  HomePage :50 - Click on cell phones[[ChromeDriver: chrome on WINDOWS (576d03909fd33720365f53337f456605)] -> xpath: //ul[1]/li[2]/ul[1]/li[2]/a[1]]
2023-05-16 20:05:610 INFO  CellPhonesPage :50 - Get cell phone text[[ChromeDriver: chrome on WINDOWS (576d03909fd33720365f53337f456605)] -> xpath: //h1[text()='Cell phones']]
2023-05-16 20:05:367 INFO  TopMenuPage :42 - Verify Computer text[[ChromeDriver: chrome on WINDOWS (b87d211be0ee6f408638268f8a637572)] -> xpath: //a[@href='/computers']]
2023-05-16 20:05:501 INFO  TopMenuPage :47 - Verify electronics text[[ChromeDriver: chrome on WINDOWS (7b9331ae622725f66a287b3c5445879e)] -> xpath: //a[@href='/electronics']]
2023-05-16 20:05:652 INFO  TopMenuPage :52 - Verify apparel text[[ChromeDriver: chrome on WINDOWS (1ed33d3b718851cec897c9bbc4295227)] -> xpath: //a[@href='/apparel']]
2023-05-16 20:05:971 INFO  DesktopsPage :31 - Select sort A to ZProxy element for: DefaultElementLocator 'By.name: products-orderby'
2023-05-16 20:05:692 INFO  HomePage :45 - Hover on electronic[[ChromeDriver: chrome on WINDOWS (f703231f0a938781c76a4af429964a9a)] -> xpath: //a[text()='Electronics ']]
2023-05-16 20:05:912 INFO  HomePage :50 - Click on cell phones[[ChromeDriver: chrome on WINDOWS (f703231f0a938781c76a4af429964a9a)] -> xpath: //ul[1]/li[2]/ul[1]/li[2]/a[1]]
2023-05-16 20:05:942 INFO  CellPhonesPage :50 - Get cell phone text[[ChromeDriver: chrome on WINDOWS (f703231f0a938781c76a4af429964a9a)] -> xpath: //h1[text()='Cell phones']]
2023-05-16 20:05:304 INFO  HomePage :45 - Hover on electronic[[ChromeDriver: chrome on WINDOWS (324075757ad96697129d91131ed55715)] -> xpath: //a[text()='Electronics ']]
2023-05-16 20:05:501 INFO  HomePage :50 - Click on cell phones[[ChromeDriver: chrome on WINDOWS (324075757ad96697129d91131ed55715)] -> xpath: //ul[1]/li[2]/ul[1]/li[2]/a[1]]
2023-05-16 20:05:606 INFO  CellPhonesPage :50 - Get cell phone text[[ChromeDriver: chrome on WINDOWS (324075757ad96697129d91131ed55715)] -> xpath: //h1[text()='Cell phones']]
2023-05-16 20:05:25 INFO  TopMenuPage :42 - Verify Computer text[[ChromeDriver: chrome on WINDOWS (33bac220e125c1d547c5b6567c9327a0)] -> xpath: //a[@href='/computers']]
2023-05-16 20:05:65 INFO  TopMenuPage :47 - Verify electronics text[[ChromeDriver: chrome on WINDOWS (0b9147cb2396ea6289f4c442c23ca4a5)] -> xpath: //a[@href='/electronics']]
2023-05-16 20:05:462 INFO  TopMenuPage :52 - Verify apparel text[[ChromeDriver: chrome on WINDOWS (687cb91f93c09d8df13eea9b05e6ac35)] -> xpath: //a[@href='/apparel']]
2023-05-16 20:05:556 INFO  HomePage :35 - Click on computer menu[[ChromeDriver: chrome on WINDOWS (182444f0808bf6886430863f76933a23)] -> xpath: //ul[1]/li/a[text()='Computers ']]
2023-05-16 20:05:462 INFO  ComputersPage :19 - Click on desktops[[ChromeDriver: chrome on WINDOWS (182444f0808bf6886430863f76933a23)] -> xpath: //img[@alt='Picture for category Desktops']]
2023-05-16 20:05:57 INFO  DesktopsPage :26 - Select sort Z to A[[ChromeDriver: chrome on WINDOWS (182444f0808bf6886430863f76933a23)] -> name: products-orderby]
2023-05-16 20:05:546 INFO  HomePage :35 - Click on computer menu[[ChromeDriver: chrome on WINDOWS (35e6453e8dbb613f6326d7aecca10a83)] -> xpath: //ul[1]/li/a[text()='Computers ']]
2023-05-16 20:05:404 INFO  ComputersPage :19 - Click on desktops[[ChromeDriver: chrome on WINDOWS (35e6453e8dbb613f6326d7aecca10a83)] -> xpath: //img[@alt='Picture for category Desktops']]
2023-05-16 20:05:785 INFO  DesktopsPage :31 - Select sort A to Z[[ChromeDriver: chrome on WINDOWS (35e6453e8dbb613f6326d7aecca10a83)] -> name: products-orderby]
2023-05-16 20:05:889 INFO  DesktopsPage :36 - CLick on add to cart button[[ChromeDriver: chrome on WINDOWS (35e6453e8dbb613f6326d7aecca10a83)] -> xpath: //body/div[6]/div[3]/div[1]/div[3]/div[1]/div[2]/div[2]/div[2]/div[1]/div[1]/div[1]/div[1]/div[2]/div[3]/div[2]/button[1]]
2023-05-16 20:05:744 INFO  BuildYourOwnComputerPage :60 - Get build your own computer text[[ChromeDriver: chrome on WINDOWS (35e6453e8dbb613f6326d7aecca10a83)] -> xpath: //h1[text()='Build your own computer']]
2023-05-16 20:05:614 INFO  HomePage :45 - Hover on electronic[[ChromeDriver: chrome on WINDOWS (e444b0e5c9f6a29e6c69e8e670f2c7ee)] -> xpath: //a[text()='Electronics ']]
2023-05-16 20:05:807 INFO  HomePage :50 - Click on cell phones[[ChromeDriver: chrome on WINDOWS (e444b0e5c9f6a29e6c69e8e670f2c7ee)] -> xpath: //ul[1]/li[2]/ul[1]/li[2]/a[1]]
2023-05-16 20:05:298 INFO  CellPhonesPage :50 - Get cell phone text[[ChromeDriver: chrome on WINDOWS (e444b0e5c9f6a29e6c69e8e670f2c7ee)] -> xpath: //h1[text()='Cell phones']]
2023-05-16 20:05:92 INFO  HomePage :45 - Hover on electronic[[ChromeDriver: chrome on WINDOWS (144131ae7577040a40b5a75fda2a62e7)] -> xpath: //a[text()='Electronics ']]
2023-05-16 20:05:267 INFO  HomePage :50 - Click on cell phones[[ChromeDriver: chrome on WINDOWS (144131ae7577040a40b5a75fda2a62e7)] -> xpath: //ul[1]/li[2]/ul[1]/li[2]/a[1]]
2023-05-16 20:05:710 INFO  CellPhonesPage :50 - Get cell phone text[[ChromeDriver: chrome on WINDOWS (144131ae7577040a40b5a75fda2a62e7)] -> xpath: //h1[text()='Cell phones']]
2023-05-16 20:05:364 INFO  TopMenuPage :42 - Verify Computer text[[ChromeDriver: chrome on WINDOWS (f7304a6009b7bf7debf9d268d05d5db6)] -> xpath: //a[@href='/computers']]
2023-05-16 20:05:522 INFO  TopMenuPage :47 - Verify electronics text[[ChromeDriver: chrome on WINDOWS (f17a0e8bef65d3cc103ff459ab9507ed)] -> xpath: //a[@href='/electronics']]
2023-05-16 20:05:110 INFO  TopMenuPage :52 - Verify apparel text[[ChromeDriver: chrome on WINDOWS (221fda70f8be1ac727269bbb7cef6ce4)] -> xpath: //a[@href='/apparel']]
2023-05-16 21:05:145 INFO  HomePage :35 - Click on computer menu[[ChromeDriver: chrome on WINDOWS (75a3a5544efa5bafe4873ed5d19b4241)] -> xpath: //ul[1]/li/a[text()='Computers ']]
2023-05-16 21:05:644 INFO  ComputersPage :19 - Click on desktops[[ChromeDriver: chrome on WINDOWS (75a3a5544efa5bafe4873ed5d19b4241)] -> xpath: //img[@alt='Picture for category Desktops']]
2023-05-16 21:05:102 INFO  DesktopsPage :26 - Select sort Z to A[[ChromeDriver: chrome on WINDOWS (75a3a5544efa5bafe4873ed5d19b4241)] -> name: products-orderby]
2023-05-16 21:05:651 INFO  HomePage :35 - Click on computer menu[[ChromeDriver: chrome on WINDOWS (0ebc9408f7369801bd675b5890d94f24)] -> xpath: //ul[1]/li/a[text()='Computers ']]
2023-05-16 21:05:593 INFO  ComputersPage :19 - Click on desktops[[ChromeDriver: chrome on WINDOWS (0ebc9408f7369801bd675b5890d94f24)] -> xpath: //img[@alt='Picture for category Desktops']]
2023-05-16 21:05:525 INFO  DesktopsPage :31 - Select sort A to Z[[ChromeDriver: chrome on WINDOWS (0ebc9408f7369801bd675b5890d94f24)] -> name: products-orderby]
2023-05-16 21:05:665 INFO  DesktopsPage :36 - CLick on add to cart button[[ChromeDriver: chrome on WINDOWS (0ebc9408f7369801bd675b5890d94f24)] -> xpath: //body/div[6]/div[3]/div[1]/div[3]/div[1]/div[2]/div[2]/div[2]/div[1]/div[1]/div[1]/div[1]/div[2]/div[3]/div[2]/button[1]]
2023-05-16 21:05:697 INFO  BuildYourOwnComputerPage :60 - Get build your own computer text[[ChromeDriver: chrome on WINDOWS (0ebc9408f7369801bd675b5890d94f24)] -> xpath: //h1[text()='Build your own computer']]
2023-05-16 21:05:37 INFO  HomePage :45 - Hover on electronic[[ChromeDriver: chrome on WINDOWS (9771218724fca6d552974d9a0bcada18)] -> xpath: //a[text()='Electronics ']]
2023-05-16 21:05:207 INFO  HomePage :50 - Click on cell phones[[ChromeDriver: chrome on WINDOWS (9771218724fca6d552974d9a0bcada18)] -> xpath: //ul[1]/li[2]/ul[1]/li[2]/a[1]]
2023-05-16 21:05:209 INFO  CellPhonesPage :50 - Get cell phone text[[ChromeDriver: chrome on WINDOWS (9771218724fca6d552974d9a0bcada18)] -> xpath: //h1[text()='Cell phones']]
2023-05-16 21:05:358 INFO  HomePage :45 - Hover on electronic[[ChromeDriver: chrome on WINDOWS (fc4ac0a84237a354ed0a6b1c4848ddc2)] -> xpath: //a[text()='Electronics ']]
2023-05-16 21:05:522 INFO  HomePage :50 - Click on cell phones[[ChromeDriver: chrome on WINDOWS (fc4ac0a84237a354ed0a6b1c4848ddc2)] -> xpath: //ul[1]/li[2]/ul[1]/li[2]/a[1]]
2023-05-16 21:05:31 INFO  CellPhonesPage :50 - Get cell phone text[[ChromeDriver: chrome on WINDOWS (fc4ac0a84237a354ed0a6b1c4848ddc2)] -> xpath: //h1[text()='Cell phones']]
2023-05-16 21:05:603 INFO  TopMenuPage :42 - Verify Computer text[[ChromeDriver: chrome on WINDOWS (caf98b8216459ea1ea5d379d83be9ca3)] -> xpath: //a[@href='/computers']]
2023-05-16 21:05:271 INFO  TopMenuPage :47 - Verify electronics text[[ChromeDriver: chrome on WINDOWS (82bec98ec13c864c1c13ff8503409cfc)] -> xpath: //a[@href='/electronics']]
2023-05-16 21:05:387 INFO  TopMenuPage :52 - Verify apparel text[[ChromeDriver: chrome on WINDOWS (6971af05a5a5fc693576db6c63a4894b)] -> xpath: //a[@href='/apparel']]
2023-05-16 21:05:831 INFO  HomePage :35 - Click on computer menu[[ChromeDriver: chrome on WINDOWS (cf115887ad847380754adc715c0a981e)] -> xpath: //ul[1]/li/a[text()='Computers ']]
2023-05-16 21:05:765 INFO  ComputersPage :19 - Click on desktops[[ChromeDriver: chrome on WINDOWS (cf115887ad847380754adc715c0a981e)] -> xpath: //img[@alt='Picture for category Desktops']]
2023-05-16 21:05:202 INFO  DesktopsPage :26 - Select sort Z to A[[ChromeDriver: chrome on WINDOWS (cf115887ad847380754adc715c0a981e)] -> name: products-orderby]
2023-05-16 21:05:843 INFO  TopMenuPage :42 - Verify Computer text[[ChromeDriver: chrome on WINDOWS (ddbe59721065331e1c97bc85f64e11e5)] -> xpath: //a[@href='/computers']]
2023-05-16 21:05:233 INFO  HomePage :35 - Click on computer menu[[ChromeDriver: chrome on WINDOWS (2111df4424b764952b30c5f47936f2cf)] -> xpath: //ul[1]/li/a[text()='Computers ']]
2023-05-16 21:05:201 INFO  ComputersPage :19 - Click on desktops[[ChromeDriver: chrome on WINDOWS (2111df4424b764952b30c5f47936f2cf)] -> xpath: //img[@alt='Picture for category Desktops']]
2023-05-16 21:05:54 INFO  DesktopsPage :26 - Select sort Z to A[[ChromeDriver: chrome on WINDOWS (2111df4424b764952b30c5f47936f2cf)] -> name: products-orderby]
2023-05-16 21:05:419 INFO  HomePage :45 - Hover on electronic[[ChromeDriver: chrome on WINDOWS (2a4c239cbdbda11b4d4af1db62d4d2b5)] -> xpath: //a[text()='Electronics ']]
2023-05-16 21:05:585 INFO  HomePage :50 - Click on cell phones[[ChromeDriver: chrome on WINDOWS (2a4c239cbdbda11b4d4af1db62d4d2b5)] -> xpath: //ul[1]/li[2]/ul[1]/li[2]/a[1]]
2023-05-16 21:05:573 INFO  CellPhonesPage :50 - Get cell phone text[[ChromeDriver: chrome on WINDOWS (2a4c239cbdbda11b4d4af1db62d4d2b5)] -> xpath: //h1[text()='Cell phones']]
2023-05-16 21:05:394 INFO  TopMenuPage :42 - Verify Computer text[[ChromeDriver: chrome on WINDOWS (85974fe0b442627a5c0690431993f748)] -> xpath: //a[@href='/computers']]
2023-05-16 21:05:588 INFO  HomePage :35 - Click on computer menu[[ChromeDriver: chrome on WINDOWS (c588b915204c9fcc6a5fdf470bcc68de)] -> xpath: //ul[1]/li/a[text()='Computers ']]
2023-05-16 21:05:447 INFO  ComputersPage :19 - Click on desktops[[ChromeDriver: chrome on WINDOWS (c588b915204c9fcc6a5fdf470bcc68de)] -> xpath: //img[@alt='Picture for category Desktops']]
2023-05-16 21:05:204 INFO  DesktopsPage :26 - Select sort Z to A[[ChromeDriver: chrome on WINDOWS (c588b915204c9fcc6a5fdf470bcc68de)] -> name: products-orderby]
2023-05-16 21:05:479 INFO  HomePage :35 - Click on computer menu[[ChromeDriver: chrome on WINDOWS (4afdaa9389cae0ccbff9b91d88dd30ad)] -> xpath: //ul[1]/li/a[text()='Computers ']]
2023-05-16 21:05:898 INFO  ComputersPage :19 - Click on desktops[[ChromeDriver: chrome on WINDOWS (4afdaa9389cae0ccbff9b91d88dd30ad)] -> xpath: //img[@alt='Picture for category Desktops']]
2023-05-16 21:05:236 INFO  DesktopsPage :31 - Select sort A to Z[[ChromeDriver: chrome on WINDOWS (4afdaa9389cae0ccbff9b91d88dd30ad)] -> name: products-orderby]
2023-05-16 21:05:345 INFO  DesktopsPage :36 - CLick on add to cart button[[ChromeDriver: chrome on WINDOWS (4afdaa9389cae0ccbff9b91d88dd30ad)] -> xpath: //body/div[6]/div[3]/div[1]/div[3]/div[1]/div[2]/div[2]/div[2]/div[1]/div[1]/div[1]/div[1]/div[2]/div[3]/div[2]/button[1]]
2023-05-16 21:05:535 INFO  BuildYourOwnComputerPage :60 - Get build your own computer text[[ChromeDriver: chrome on WINDOWS (4afdaa9389cae0ccbff9b91d88dd30ad)] -> xpath: //h1[text()='Build your own computer']]
2023-05-16 21:05:569 INFO  BuildYourOwnComputerPage :65 - Select processor[[ChromeDriver: chrome on WINDOWS (4afdaa9389cae0ccbff9b91d88dd30ad)] -> name: product_attribute_1]
2023-05-16 21:05:638 INFO  BuildYourOwnComputerPage :70 - Select ram[[ChromeDriver: chrome on WINDOWS (4afdaa9389cae0ccbff9b91d88dd30ad)] -> name: product_attribute_2]
2023-05-16 21:05:705 INFO  BuildYourOwnComputerPage :75 - Select hdd[[ChromeDriver: chrome on WINDOWS (4afdaa9389cae0ccbff9b91d88dd30ad)] -> id: product_attribute_3_7]
2023-05-16 21:05:757 INFO  BuildYourOwnComputerPage :80 - Select vista premium Os[[ChromeDriver: chrome on WINDOWS (4afdaa9389cae0ccbff9b91d88dd30ad)] -> id: product_attribute_4_9]
2023-05-16 21:05:797 INFO  BuildYourOwnComputerPage :85 - Click on total command[[ChromeDriver: chrome on WINDOWS (4afdaa9389cae0ccbff9b91d88dd30ad)] -> id: product_attribute_5_12]
2023-05-16 21:05:858 INFO  BuildYourOwnComputerPage :90 - Get price[[ChromeDriver: chrome on WINDOWS (4afdaa9389cae0ccbff9b91d88dd30ad)] -> id: price-value-1]
2023-05-16 21:05:886 INFO  BuildYourOwnComputerPage :95 - Click on add to cart[[ChromeDriver: chrome on WINDOWS (4afdaa9389cae0ccbff9b91d88dd30ad)] -> id: add-to-cart-button-1]
2023-05-16 21:05:136 INFO  BuildYourOwnComputerPage :100 - Get product added text[[ChromeDriver: chrome on WINDOWS (4afdaa9389cae0ccbff9b91d88dd30ad)] -> xpath: //body/div[@id='bar-notification']/div[1]/p[1]]
2023-05-16 21:05:160 INFO  BuildYourOwnComputerPage :105 - Click on close button[[ChromeDriver: chrome on WINDOWS (4afdaa9389cae0ccbff9b91d88dd30ad)] -> xpath: //span[@class='close']]
2023-05-16 21:05:199 INFO  BuildYourOwnComputerPage :110 - Mouse hover on shopping cart[[ChromeDriver: chrome on WINDOWS (4afdaa9389cae0ccbff9b91d88dd30ad)] -> xpath: //span[@class='cart-label']]
2023-05-16 21:05:351 INFO  BuildYourOwnComputerPage :115 - Click on go to cart button[[ChromeDriver: chrome on WINDOWS (4afdaa9389cae0ccbff9b91d88dd30ad)] -> xpath: //button[contains(text(),'Go to cart')]]
2023-05-16 21:05:752 INFO  CartPage :73 - Get shopping cart text[[ChromeDriver: chrome on WINDOWS (4afdaa9389cae0ccbff9b91d88dd30ad)] -> xpath: //h1[text()='Shopping cart']]
2023-05-16 21:05:772 INFO  CartPage :78 - Change quantity[[ChromeDriver: chrome on WINDOWS (4afdaa9389cae0ccbff9b91d88dd30ad)] -> xpath: //input[@value='1']]
2023-05-16 21:05:856 INFO  CartPage :84 - Click on update cart[[ChromeDriver: chrome on WINDOWS (4afdaa9389cae0ccbff9b91d88dd30ad)] -> id: updatecart]
2023-05-16 21:05:248 INFO  CartPage :89 - Get total[[ChromeDriver: chrome on WINDOWS (4afdaa9389cae0ccbff9b91d88dd30ad)] -> xpath: //tbody/tr[1]/td[6]/span[1]]
2023-05-16 21:05:273 INFO  CartPage :94 - Click on check box[[ChromeDriver: chrome on WINDOWS (4afdaa9389cae0ccbff9b91d88dd30ad)] -> xpath: //input[@id='termsofservice']]
2023-05-16 21:05:313 INFO  CartPage :99 - Click on checkout button[[ChromeDriver: chrome on WINDOWS (4afdaa9389cae0ccbff9b91d88dd30ad)] -> xpath: //button[@id='checkout']]
2023-05-16 21:05:809 INFO  CartPage :104 - Get welcome text[[ChromeDriver: chrome on WINDOWS (4afdaa9389cae0ccbff9b91d88dd30ad)] -> xpath: //h1[text()='Welcome, Please Sign In!']]
2023-05-16 21:05:828 INFO  CartPage :109 - Click on checkout as guest[[ChromeDriver: chrome on WINDOWS (4afdaa9389cae0ccbff9b91d88dd30ad)] -> xpath: //button[@class='button-1 checkout-as-guest-button']]
2023-05-16 21:05:436 INFO  CheckoutPage :83 - Enter first name[[ChromeDriver: chrome on WINDOWS (4afdaa9389cae0ccbff9b91d88dd30ad)] -> id: BillingNewAddress_FirstName]
2023-05-16 21:05:496 INFO  CheckoutPage :85 - Enter last name[[ChromeDriver: chrome on WINDOWS (4afdaa9389cae0ccbff9b91d88dd30ad)] -> id: BillingNewAddress_LastName]
2023-05-16 21:05:575 INFO  CheckoutPage :87 - Enter email id[[ChromeDriver: chrome on WINDOWS (4afdaa9389cae0ccbff9b91d88dd30ad)] -> id: BillingNewAddress_Email]
2023-05-16 21:05:668 INFO  CheckoutPage :89 - Select country[[ChromeDriver: chrome on WINDOWS (4afdaa9389cae0ccbff9b91d88dd30ad)] -> id: BillingNewAddress_CountryId]
2023-05-16 21:05:741 INFO  CheckoutPage :91 - Select city[[ChromeDriver: chrome on WINDOWS (4afdaa9389cae0ccbff9b91d88dd30ad)] -> id: BillingNewAddress_City]
2023-05-16 21:05:802 INFO  CheckoutPage :93 - Enter address[[ChromeDriver: chrome on WINDOWS (4afdaa9389cae0ccbff9b91d88dd30ad)] -> id: BillingNewAddress_Address1]
2023-05-16 21:05:875 INFO  CheckoutPage :95 - Enter postcode[[ChromeDriver: chrome on WINDOWS (4afdaa9389cae0ccbff9b91d88dd30ad)] -> id: BillingNewAddress_ZipPostalCode]
2023-05-16 21:05:940 INFO  CheckoutPage :97 - Enter phone number[[ChromeDriver: chrome on WINDOWS (4afdaa9389cae0ccbff9b91d88dd30ad)] -> id: BillingNewAddress_PhoneNumber]
2023-05-16 21:05:07 INFO  CheckoutPage :99 - Click on continue button[[ChromeDriver: chrome on WINDOWS (4afdaa9389cae0ccbff9b91d88dd30ad)] -> name: save]
2023-05-16 21:05:309 INFO  CheckoutPage :104 - Click on next day button[[ChromeDriver: chrome on WINDOWS (4afdaa9389cae0ccbff9b91d88dd30ad)] -> id: shippingoption_1]
2023-05-16 21:05:366 INFO  CheckoutPage :109 - Click on continue[[ChromeDriver: chrome on WINDOWS (4afdaa9389cae0ccbff9b91d88dd30ad)] -> xpath: //button[@onclick='ShippingMethod.save()']]
2023-05-16 21:05:621 INFO  PaymentPage :44 - CLick on credit card radio button[[ChromeDriver: chrome on WINDOWS (4afdaa9389cae0ccbff9b91d88dd30ad)] -> id: paymentmethod_1]
2023-05-16 21:05:681 INFO  PaymentPage :49 - Click on continue[[ChromeDriver: chrome on WINDOWS (4afdaa9389cae0ccbff9b91d88dd30ad)] -> xpath: //li[4]/div[2]/div[1]/button[1]]
2023-05-16 21:05:976 INFO  PaymentPage :54 - Select master card[[ChromeDriver: chrome on WINDOWS (4afdaa9389cae0ccbff9b91d88dd30ad)] -> id: CreditCardType]
2023-05-16 21:05:41 INFO  PaymentPage :59 - Enter card holder name[[ChromeDriver: chrome on WINDOWS (4afdaa9389cae0ccbff9b91d88dd30ad)] -> id: CardholderName]
2023-05-16 21:05:94 INFO  PaymentPage :61 - Enter card number[[ChromeDriver: chrome on WINDOWS (4afdaa9389cae0ccbff9b91d88dd30ad)] -> id: CardNumber]
2023-05-16 21:05:153 INFO  PaymentPage :63 - Select expire month[[ChromeDriver: chrome on WINDOWS (4afdaa9389cae0ccbff9b91d88dd30ad)] -> id: ExpireMonth]
2023-05-16 21:05:206 INFO  PaymentPage :65 - Select expire year[[ChromeDriver: chrome on WINDOWS (4afdaa9389cae0ccbff9b91d88dd30ad)] -> id: ExpireYear]
2023-05-16 21:05:260 INFO  PaymentPage :67 - Enter card code[[ChromeDriver: chrome on WINDOWS (4afdaa9389cae0ccbff9b91d88dd30ad)] -> id: CardCode]
2023-05-16 21:05:300 INFO  PaymentPage :69 - Click on continue button[[ChromeDriver: chrome on WINDOWS (4afdaa9389cae0ccbff9b91d88dd30ad)] -> xpath: //li[5]/div[2]/div[1]/button[1]]
2023-05-16 21:05:556 INFO  ConfirmOrderPage :57 - Get credit card text[[ChromeDriver: chrome on WINDOWS (4afdaa9389cae0ccbff9b91d88dd30ad)] -> xpath: //span[contains(text(),'Credit Card')]]
2023-05-16 21:05:583 INFO  ConfirmOrderPage :62 - Get next day air text[[ChromeDriver: chrome on WINDOWS (4afdaa9389cae0ccbff9b91d88dd30ad)] -> xpath: //body/div[6]/div[3]/div[1]/div[1]/div[1]/div[2]/ol[1]/li[6]/div[2]/div[1]/div[1]/div[1]/div[1]/div[1]/div[2]/div[2]/ul[1]/li[1]/span[2]]
2023-05-16 21:05:613 INFO  ConfirmOrderPage :67 - Click on confirm button[[ChromeDriver: chrome on WINDOWS (4afdaa9389cae0ccbff9b91d88dd30ad)] -> xpath: //button[contains(text(),'Confirm')]]
2023-05-16 21:05:333 INFO  ConfirmOrderPage :72 - Get thank you text[[ChromeDriver: chrome on WINDOWS (4afdaa9389cae0ccbff9b91d88dd30ad)] -> xpath: //h1[contains(text(),'Thank you')]]
2023-05-16 21:05:356 INFO  ConfirmOrderPage :77 - Get success message[[ChromeDriver: chrome on WINDOWS (4afdaa9389cae0ccbff9b91d88dd30ad)] -> xpath: //strong[contains(text(),'Your order has been successfully processed!')]]
2023-05-16 21:05:377 INFO  ConfirmOrderPage :82 - Click on continue button[[ChromeDriver: chrome on WINDOWS (4afdaa9389cae0ccbff9b91d88dd30ad)] -> xpath: //button[contains(text(),'Continue')]]
2023-05-16 21:05:709 INFO  HomePage :40 - Get welcome to store text[[ChromeDriver: chrome on WINDOWS (4afdaa9389cae0ccbff9b91d88dd30ad)] -> xpath: //h2[contains(text(),'Welcome to our store')]]
2023-05-16 21:05:997 INFO  HomePage :45 - Hover on electronic[[ChromeDriver: chrome on WINDOWS (b76043de25893290b3b8d173b7a29516)] -> xpath: //a[text()='Electronics ']]
2023-05-16 21:05:145 INFO  HomePage :50 - Click on cell phones[[ChromeDriver: chrome on WINDOWS (b76043de25893290b3b8d173b7a29516)] -> xpath: //ul[1]/li[2]/ul[1]/li[2]/a[1]]
2023-05-16 21:05:590 INFO  CellPhonesPage :50 - Get cell phone text[[ChromeDriver: chrome on WINDOWS (b76043de25893290b3b8d173b7a29516)] -> xpath: //h1[text()='Cell phones']]
2023-05-16 21:05:814 INFO  HomePage :45 - Hover on electronic[[ChromeDriver: chrome on WINDOWS (81a03570527c4ec13135465fce493d12)] -> xpath: //a[text()='Electronics ']]
2023-05-16 21:05:982 INFO  HomePage :50 - Click on cell phones[[ChromeDriver: chrome on WINDOWS (81a03570527c4ec13135465fce493d12)] -> xpath: //ul[1]/li[2]/ul[1]/li[2]/a[1]]
2023-05-16 21:05:825 INFO  CellPhonesPage :50 - Get cell phone text[[ChromeDriver: chrome on WINDOWS (81a03570527c4ec13135465fce493d12)] -> xpath: //h1[text()='Cell phones']]
2023-05-16 21:05:854 INFO  CellPhonesPage :55 - Click on list view tab[[ChromeDriver: chrome on WINDOWS (81a03570527c4ec13135465fce493d12)] -> xpath: //a[contains(text(),'List')]]
2023-05-16 21:05:933 INFO  CellPhonesPage :60 - Click on nokia lumia product[[ChromeDriver: chrome on WINDOWS (81a03570527c4ec13135465fce493d12)] -> xpath: //div[3]/div[1]/div[2]/h2[1]/a]
2023-05-16 21:05:826 INFO  CellPhonesPage :65 - Verify nokia lumia text[[ChromeDriver: chrome on WINDOWS (81a03570527c4ec13135465fce493d12)] -> xpath: //h1[text()='Nokia Lumia 1020']]
2023-05-16 21:05:855 INFO  CellPhonesPage :70 - Verify price[[ChromeDriver: chrome on WINDOWS (81a03570527c4ec13135465fce493d12)] -> id: price-value-20]
2023-05-16 21:05:882 INFO  CellPhonesPage :75 - Change quantity[[ChromeDriver: chrome on WINDOWS (81a03570527c4ec13135465fce493d12)] -> name: addtocart_20.EnteredQuantity]
2023-05-16 21:05:971 INFO  CellPhonesPage :81 - Click on add to cart[[ChromeDriver: chrome on WINDOWS (81a03570527c4ec13135465fce493d12)] -> id: add-to-cart-button-20]
2023-05-16 21:05:230 INFO  CellPhonesPage :86 - Verify product added in shopping cart text[[ChromeDriver: chrome on WINDOWS (81a03570527c4ec13135465fce493d12)] -> xpath: //body/div[@id='bar-notification']/div[1]/p[1]]
2023-05-16 21:05:254 INFO  CellPhonesPage :91 - Click on close button[[ChromeDriver: chrome on WINDOWS (81a03570527c4ec13135465fce493d12)] -> xpath: //span[@title='Close']]
2023-05-16 21:05:293 INFO  CellPhonesPage :96 - Mouse hover on shopping cart[[ChromeDriver: chrome on WINDOWS (81a03570527c4ec13135465fce493d12)] -> xpath: //span[text()='Shopping cart']]
2023-05-16 21:05:302 INFO  CellPhonesPage :97 - Click on go to cart[[ChromeDriver: chrome on WINDOWS (81a03570527c4ec13135465fce493d12)] -> xpath: //button[text()='Go to cart']]
2023-05-16 21:05:845 INFO  CartPage :114 - Verify shopping cart text[[ChromeDriver: chrome on WINDOWS (81a03570527c4ec13135465fce493d12)] -> xpath: //h1[text()='Shopping cart']]
2023-05-16 21:05:871 INFO  CartPage :119 - Verify quantity[[ChromeDriver: chrome on WINDOWS (81a03570527c4ec13135465fce493d12)] -> xpath: //span[contains(text(),'(2)')]]
2023-05-16 21:05:893 INFO  CartPage :124 - Verify total[[ChromeDriver: chrome on WINDOWS (81a03570527c4ec13135465fce493d12)] -> xpath: //tbody/tr[1]/td[6]/span[1]]
2023-05-16 21:05:910 INFO  CartPage :94 - Click on check box[[ChromeDriver: chrome on WINDOWS (81a03570527c4ec13135465fce493d12)] -> xpath: //input[@id='termsofservice']]
2023-05-16 21:05:957 INFO  CartPage :99 - Click on checkout button[[ChromeDriver: chrome on WINDOWS (81a03570527c4ec13135465fce493d12)] -> xpath: //button[@id='checkout']]
2023-05-16 21:05:493 INFO  CartPage :139 - Verify welcome message[[ChromeDriver: chrome on WINDOWS (81a03570527c4ec13135465fce493d12)] -> xpath: //h1[text()='Welcome, Please Sign In!']]
2023-05-16 21:05:511 INFO  CartPage :144 - Click on register tab[[ChromeDriver: chrome on WINDOWS (81a03570527c4ec13135465fce493d12)] -> xpath: //button[text()='Register']]
2023-05-16 21:05:805 INFO  RegisterPage :57 - Verify register text[[ChromeDriver: chrome on WINDOWS (81a03570527c4ec13135465fce493d12)] -> xpath: //h1[text()='Register']]
2023-05-16 21:05:827 INFO  RegisterPage :62 - Click on gender[[ChromeDriver: chrome on WINDOWS (81a03570527c4ec13135465fce493d12)] -> id: gender-male]
2023-05-16 21:05:861 INFO  RegisterPage :64 - Enter first name[[ChromeDriver: chrome on WINDOWS (81a03570527c4ec13135465fce493d12)] -> id: FirstName]
2023-05-16 21:05:907 INFO  RegisterPage :66 - Enter last name[[ChromeDriver: chrome on WINDOWS (81a03570527c4ec13135465fce493d12)] -> id: LastName]
2023-05-16 21:05:960 INFO  RegisterPage :68 - Select day[[ChromeDriver: chrome on WINDOWS (81a03570527c4ec13135465fce493d12)] -> name: DateOfBirthDay]
2023-05-16 21:05:19 INFO  RegisterPage :70 - Select month[[ChromeDriver: chrome on WINDOWS (81a03570527c4ec13135465fce493d12)] -> name: DateOfBirthMonth]
2023-05-16 21:05:72 INFO  RegisterPage :72 - Select year[[ChromeDriver: chrome on WINDOWS (81a03570527c4ec13135465fce493d12)] -> name: DateOfBirthYear]
2023-05-16 21:05:122 INFO  RegisterPage :74 - Enter email[[ChromeDriver: chrome on WINDOWS (81a03570527c4ec13135465fce493d12)] -> id: Email]
2023-05-16 21:05:179 INFO  RegisterPage :76 - Enter password[[ChromeDriver: chrome on WINDOWS (81a03570527c4ec13135465fce493d12)] -> id: Password]
2023-05-16 21:05:225 INFO  RegisterPage :78 - Enter confirm password[[ChromeDriver: chrome on WINDOWS (81a03570527c4ec13135465fce493d12)] -> id: ConfirmPassword]
2023-05-16 21:05:275 INFO  RegisterPage :83 - Click on registration button[[ChromeDriver: chrome on WINDOWS (81a03570527c4ec13135465fce493d12)] -> id: register-button]
2023-05-16 21:05:824 INFO  RegisterPage :88 - Verify registration text[[ChromeDriver: chrome on WINDOWS (81a03570527c4ec13135465fce493d12)] -> xpath: //div[text()='Your registration completed']]
2023-05-16 21:05:849 INFO  RegisterPage :93 - Click on continue tab[[ChromeDriver: chrome on WINDOWS (81a03570527c4ec13135465fce493d12)] -> xpath: //a[text()='Continue']]
2023-05-16 21:05:863 INFO  TopMenuPage :42 - Verify Computer text[[ChromeDriver: chrome on WINDOWS (e4ba7beb2e26f4d0cdd27fcd33b68ac7)] -> xpath: //a[@href='/computers']]
2023-05-16 21:05:499 INFO  TopMenuPage :47 - Verify electronics text[[ChromeDriver: chrome on WINDOWS (1bb715dafc678adce0c89eae6445e69e)] -> xpath: //a[@href='/electronics']]
2023-05-16 21:05:688 INFO  TopMenuPage :52 - Verify apparel text[[ChromeDriver: chrome on WINDOWS (baf93fe8413a3e9cea94cf9d2e0bec57)] -> xpath: //a[@href='/apparel']]
